<?xml version="1.0" encoding="UTF-8"?>
<!-- Generated by org.testng.reporters.JUnitXMLReporter -->
<testsuite ignored="0" hostname="Mariam" failures="5" tests="40" name="CalculatorTests" time="473.764" errors="0" timestamp="2026-03-12T09:51:34 EET">
  <testcase classname="tests.AdditionTest" name="addTwoNegativeIntegers" time="4.341"/>
  <testcase classname="tests.AdditionTest" name="addTwoPositiveIntegers" time="3.547"/>
  <testcase classname="tests.AdditionTest" name="decimalPlusZero" time="7.386"/>
  <testcase classname="tests.AdditionTest" name="floatPlusInteger" time="6.447"/>
  <testcase classname="tests.AdditionTest" name="integerPlusFloat" time="5.012"/>
  <testcase classname="tests.AdditionTest" name="largeNumberAddition" time="10.085"/>
  <testcase classname="tests.AdditionTest" name="multipleAdditionOperations" time="5.319"/>
  <testcase classname="tests.AdditionTest" name="multipleOperators" time="7.8"/>
  <testcase classname="tests.AdditionTest" name="negativePlusPositive" time="5.327"/>
  <testcase classname="tests.AdditionTest" name="negativePlusZero" time="6.087"/>
  <testcase classname="tests.AdditionTest" name="operatorFirst" time="3.343"/>
  <testcase classname="tests.AdditionTest" name="operatorWithEmptyInput" time="2.131"/>
  <testcase classname="tests.AdditionTest" name="positivePlusNegative" time="4.568"/>
  <testcase classname="tests.AdditionTest" name="positivePlusZero" time="3.646"/>
  <testcase classname="tests.AdditionTest" name="smallDecimalAddition" time="8.282"/>
  <testcase classname="tests.AdditionTest" name="twoDecimalNumbers" time="7.851"/>
  <testcase classname="tests.AdditionTest" name="zeroPlusNegative" time="3.887"/>
  <testcase classname="tests.AdditionTest" name="zeroPlusPositive" time="3.213"/>
  <testcase classname="tests.AdditionTest" name="zeroPlusZero" time="3.22"/>
  <testcase classname="tests.DivisionTest" name="divisionOfTwoPositiveIntegers" time="3.996"/>
  <testcase classname="tests.DivisionTest" name="divisionOfTwoNegativeIntegers" time="6.293">
    <failure type="java.lang.AssertionError" message="expected [1] but found [-10]">
      <![CDATA[java.lang.AssertionError: expected [1] but found [-10]
at tests.DivisionTest.divisionOfTwoNegativeIntegers(DivisionTest.java:91)
at java.base/java.util.ArrayList.forEach(ArrayList.java:1596)
... Removed 31 stack frames]]>
    </failure>
  </testcase> <!-- divisionOfTwoNegativeIntegers -->
  <testcase classname="tests.DivisionTest" name="divisionOfOneNegativeByOtherPositvieInteger" time="5.548"/>
  <testcase classname="tests.DivisionTest" name="divisionOfOnePositvieByOtherNegativeInteger" time="5.246">
    <failure type="java.lang.AssertionError" message="expected [-1] but found [0]">
      <![CDATA[java.lang.AssertionError: expected [-1] but found [0]
at tests.DivisionTest.divisionOfOnePositvieByOtherNegativeInteger(DivisionTest.java:118)
at java.base/java.util.ArrayList.forEach(ArrayList.java:1596)
... Removed 31 stack frames]]>
    </failure>
  </testcase> <!-- divisionOfOnePositvieByOtherNegativeInteger -->
  <testcase classname="tests.DivisionTest" name="divideZeroByPositiveNumber" time="5.534"/>
  <testcase classname="tests.DivisionTest" name="divideZeroByNegativeNumber" time="5.479">
    <failure type="java.lang.AssertionError" message="expected [0] but found [-5]">
      <![CDATA[java.lang.AssertionError: expected [0] but found [-5]
at tests.DivisionTest.divideZeroByNegativeNumber(DivisionTest.java:146)
at java.base/java.util.ArrayList.forEach(ArrayList.java:1596)
... Removed 31 stack frames]]>
    </failure>
  </testcase> <!-- divideZeroByNegativeNumber -->
  <testcase classname="tests.DivisionTest" name="dividePositiveByZero" time="6.07"/>
  <testcase classname="tests.DivisionTest" name="divideNegativeByZero" time="5.634"/>
  <testcase classname="tests.DivisionTest" name="divideZeroByZero" time="4.709"/>
  <testcase classname="tests.DivisionTest" name="divideIntegerNumberByDecimalNumber" time="7.131"/>
  <testcase classname="tests.DivisionTest" name="divideDecimalNumberByIntegerNumber" time="6.002"/>
  <testcase classname="tests.DivisionTest" name="divideTwoDecimals" time="7.598"/>
  <testcase classname="tests.DivisionTest" name="divideDecimalByZero" time="5.939"/>
  <testcase classname="tests.DivisionTest" name="divideLargeNum" time="11.196"/>
  <testcase classname="tests.DivisionTest" name="divideSmallDecimal" time="11.776"/>
  <testcase classname="tests.DivisionTest" name="opFirst" time="14.628">
    <failure type="org.openqa.selenium.TimeoutException" message="Expected condition failed: waiting for presence of element found by By.xpath: //android.widget.Toast
(tried for 10 seconds with 500 milliseconds interval)
Build info: version: &amp;apos;4.41.0&amp;apos;, revision: &amp;apos;9fc754f&amp;apos;
System info: os.name: &amp;apos;Windows 11&amp;apos;, os.arch: &amp;apos;amd64&amp;apos;, os.version: &amp;apos;10.0&amp;apos;, java.version: &amp;apos;21.0.3&amp;apos;
Driver info: io.appium.java_client.android.AndroidDriver
Capabilities {appium:app: C:\Users\maria\Downloads\si..., appium:appActivity: .activities.SplashActivity...., appium:appPackage: com.simplemobiletools.calcu..., appium:automationName: UiAutomator2, appium:databaseEnabled: false, appium:desired: {app: C:\Users\maria\Downloads\si..., appActivity: .activities.SplashActivity...., appPackage: com.simplemobiletools.calcu..., automationName: UiAutomator2, deviceName: emulator-5556, platformName: ANDROID, platformVersion: 15}, appium:deviceApiLevel: 35, appium:deviceManufacturer: Google, appium:deviceModel: sdk_gphone64_x86_64, appium:deviceName: emulator-5554, appium:deviceScreenDensity: 440, appium:deviceScreenSize: 1080x2280, appium:deviceUDID: emulator-5554, appium:javascriptEnabled: true, appium:locationContextEnabled: false, appium:networkConnectionEnabled: true, appium:pixelRatio: 2.75, appium:platformVersion: 15, appium:statBarHeight: 83, appium:takesScreenshot: true, appium:viewportRect: {height: 2197, left: 0, top: 83, width: 1080}, appium:warnings: {}, appium:webStorageEnabled: false, platformName: ANDROID}
Session ID: 556602a0-8ee5-4f33-b97c-41414f1e36a7">
      <![CDATA[org.openqa.selenium.TimeoutException: Expected condition failed: waiting for presence of element found by By.xpath: //android.widget.Toast
(tried for 10 seconds with 500 milliseconds interval)
Build info: version: '4.41.0', revision: '9fc754f'
System info: os.name: 'Windows 11', os.arch: 'amd64', os.version: '10.0', java.version: '21.0.3'
Driver info: io.appium.java_client.android.AndroidDriver
Capabilities {appium:app: C:\Users\maria\Downloads\si..., appium:appActivity: .activities.SplashActivity...., appium:appPackage: com.simplemobiletools.calcu..., appium:automationName: UiAutomator2, appium:databaseEnabled: false, appium:desired: {app: C:\Users\maria\Downloads\si..., appActivity: .activities.SplashActivity...., appPackage: com.simplemobiletools.calcu..., automationName: UiAutomator2, deviceName: emulator-5556, platformName: ANDROID, platformVersion: 15}, appium:deviceApiLevel: 35, appium:deviceManufacturer: Google, appium:deviceModel: sdk_gphone64_x86_64, appium:deviceName: emulator-5554, appium:deviceScreenDensity: 440, appium:deviceScreenSize: 1080x2280, appium:deviceUDID: emulator-5554, appium:javascriptEnabled: true, appium:locationContextEnabled: false, appium:networkConnectionEnabled: true, appium:pixelRatio: 2.75, appium:platformVersion: 15, appium:statBarHeight: 83, appium:takesScreenshot: true, appium:viewportRect: {height: 2197, left: 0, top: 83, width: 1080}, appium:warnings: {}, appium:webStorageEnabled: false, platformName: ANDROID}
Session ID: 556602a0-8ee5-4f33-b97c-41414f1e36a7
at org.openqa.selenium.support.ui.WebDriverWait.timeoutException(WebDriverWait.java:85)
at org.openqa.selenium.support.ui.FluentWait.until(FluentWait.java:233)
at tests.DivisionTest.opFirst(DivisionTest.java:342)
at java.base/java.util.ArrayList.forEach(ArrayList.java:1596)
... Removed 25 stack frames]]>
    </failure>
  </testcase> <!-- opFirst -->
  <testcase classname="tests.DivisionTest" name="multipleOp" time="6.68"/>
  <testcase classname="tests.DivisionTest" name="opOnly" time="14.352">
    <failure type="org.openqa.selenium.TimeoutException" message="Expected condition failed: waiting for presence of element found by By.xpath: //android.widget.Toast
(tried for 10 seconds with 500 milliseconds interval)
Build info: version: &amp;apos;4.41.0&amp;apos;, revision: &amp;apos;9fc754f&amp;apos;
System info: os.name: &amp;apos;Windows 11&amp;apos;, os.arch: &amp;apos;amd64&amp;apos;, os.version: &amp;apos;10.0&amp;apos;, java.version: &amp;apos;21.0.3&amp;apos;
Driver info: io.appium.java_client.android.AndroidDriver
Capabilities {appium:app: C:\Users\maria\Downloads\si..., appium:appActivity: .activities.SplashActivity...., appium:appPackage: com.simplemobiletools.calcu..., appium:automationName: UiAutomator2, appium:databaseEnabled: false, appium:desired: {app: C:\Users\maria\Downloads\si..., appActivity: .activities.SplashActivity...., appPackage: com.simplemobiletools.calcu..., automationName: UiAutomator2, deviceName: emulator-5556, platformName: ANDROID, platformVersion: 15}, appium:deviceApiLevel: 35, appium:deviceManufacturer: Google, appium:deviceModel: sdk_gphone64_x86_64, appium:deviceName: emulator-5554, appium:deviceScreenDensity: 440, appium:deviceScreenSize: 1080x2280, appium:deviceUDID: emulator-5554, appium:javascriptEnabled: true, appium:locationContextEnabled: false, appium:networkConnectionEnabled: true, appium:pixelRatio: 2.75, appium:platformVersion: 15, appium:statBarHeight: 83, appium:takesScreenshot: true, appium:viewportRect: {height: 2197, left: 0, top: 83, width: 1080}, appium:warnings: {}, appium:webStorageEnabled: false, platformName: ANDROID}
Session ID: 556602a0-8ee5-4f33-b97c-41414f1e36a7">
      <![CDATA[org.openqa.selenium.TimeoutException: Expected condition failed: waiting for presence of element found by By.xpath: //android.widget.Toast
(tried for 10 seconds with 500 milliseconds interval)
Build info: version: '4.41.0', revision: '9fc754f'
System info: os.name: 'Windows 11', os.arch: 'amd64', os.version: '10.0', java.version: '21.0.3'
Driver info: io.appium.java_client.android.AndroidDriver
Capabilities {appium:app: C:\Users\maria\Downloads\si..., appium:appActivity: .activities.SplashActivity...., appium:appPackage: com.simplemobiletools.calcu..., appium:automationName: UiAutomator2, appium:databaseEnabled: false, appium:desired: {app: C:\Users\maria\Downloads\si..., appActivity: .activities.SplashActivity...., appPackage: com.simplemobiletools.calcu..., automationName: UiAutomator2, deviceName: emulator-5556, platformName: ANDROID, platformVersion: 15}, appium:deviceApiLevel: 35, appium:deviceManufacturer: Google, appium:deviceModel: sdk_gphone64_x86_64, appium:deviceName: emulator-5554, appium:deviceScreenDensity: 440, appium:deviceScreenSize: 1080x2280, appium:deviceUDID: emulator-5554, appium:javascriptEnabled: true, appium:locationContextEnabled: false, appium:networkConnectionEnabled: true, appium:pixelRatio: 2.75, appium:platformVersion: 15, appium:statBarHeight: 83, appium:takesScreenshot: true, appium:viewportRect: {height: 2197, left: 0, top: 83, width: 1080}, appium:warnings: {}, appium:webStorageEnabled: false, platformName: ANDROID}
Session ID: 556602a0-8ee5-4f33-b97c-41414f1e36a7
at org.openqa.selenium.support.ui.WebDriverWait.timeoutException(WebDriverWait.java:85)
at org.openqa.selenium.support.ui.FluentWait.until(FluentWait.java:233)
at tests.DivisionTest.opOnly(DivisionTest.java:378)
at java.base/java.util.ArrayList.forEach(ArrayList.java:1596)
... Removed 25 stack frames]]>
    </failure>
  </testcase> <!-- opOnly -->
  <testcase classname="tests.DivisionTest" name="resultWmanyDecimals" time="5.47"/>
  <testcase classname="tests.DivisionTest" name="floatingPrecision" time="4.466"/>
  <testcase classname="tests.DivisionTest" name="dividingMultipleDivisions" time="6.502"/>
</testsuite> <!-- CalculatorTests -->
