<?xml version="1.0" encoding="UTF-8"?>
<!-- Generated by org.testng.reporters.JUnitReportReporter -->
<testsuite hostname="Mariam" failures="0" tests="19" name="tests.AdditionTest" time="193.459" errors="0" timestamp="2026-03-12T09:51:35 EET" skipped="0">
  <testcase classname="tests.AdditionTest" name="twoDecimalNumbers" time="12.369"/>
  <testcase classname="tests.AdditionTest" name="addTwoNegativeIntegers" time="8.844"/>
  <testcase classname="tests.AdditionTest" name="multipleOperators" time="12.334"/>
  <testcase classname="tests.AdditionTest" name="floatPlusInteger" time="10.398"/>
  <testcase classname="tests.AdditionTest" name="operatorWithEmptyInput" time="6.678"/>
  <testcase classname="tests.AdditionTest" name="smallDecimalAddition" time="14.248"/>
  <testcase classname="tests.AdditionTest" name="negativePlusZero" time="11.673"/>
  <testcase classname="tests.AdditionTest" name="largeNumberAddition" time="14.492"/>
  <testcase classname="tests.AdditionTest" name="multipleAdditionOperations" time="10.094"/>
  <testcase classname="tests.AdditionTest" name="decimalPlusZero" time="13.521"/>
  <testcase classname="tests.AdditionTest" name="operatorFirst" time="7.974"/>
  <testcase classname="tests.AdditionTest" name="negativePlusPositive" time="10.179"/>
  <testcase classname="tests.AdditionTest" name="addTwoPositiveIntegers" time="7.993"/>
  <testcase classname="tests.AdditionTest" name="positivePlusNegative" time="9.415"/>
  <testcase classname="tests.AdditionTest" name="positivePlusZero" time="8.863"/>
  <testcase classname="tests.AdditionTest" name="zeroPlusPositive" time="8.136"/>
  <testcase classname="tests.AdditionTest" name="zeroPlusNegative" time="8.665"/>
  <testcase classname="tests.AdditionTest" name="zeroPlusZero" time="7.829"/>
  <testcase classname="tests.AdditionTest" name="integerPlusFloat" time="9.754"/>
</testsuite> <!-- tests.AdditionTest -->
