<?xml version="1.0" encoding="UTF-8"?>
<testng-results ignored="0" total="1" passed="1" failed="0" skipped="0">
  <reporter-output>
  </reporter-output>
  <suite started-at="2026-03-03T12:43:19 EET" name="Default suite" finished-at="2026-03-03T12:44:23 EET" duration-ms="63994">
    <groups>
    </groups>
    <test started-at="2026-03-03T12:43:19 EET" name="Default test" finished-at="2026-03-03T12:44:23 EET" duration-ms="63994">
      <class name="tests.LoginTest">
        <test-method is-config="true" signature="setup()[pri:0, instance:tests.LoginTest@3f191845]" started-at="2026-03-03T12:43:19 EET" name="setup" finished-at="2026-03-03T12:44:07 EET" duration-ms="48459" status="PASS">
          <reporter-output>
          </reporter-output>
        </test-method> <!-- setup -->
        <test-method signature="loginTest()[pri:0, instance:tests.LoginTest@3f191845]" started-at="2026-03-03T12:44:07 EET" name="loginTest" finished-at="2026-03-03T12:44:21 EET" duration-ms="14020" status="PASS">
          <reporter-output>
          </reporter-output>
        </test-method> <!-- loginTest -->
        <test-method is-config="true" signature="tearDown()[pri:0, instance:tests.LoginTest@3f191845]" started-at="2026-03-03T12:44:21 EET" name="tearDown" finished-at="2026-03-03T12:44:23 EET" duration-ms="1390" status="PASS">
          <reporter-output>
          </reporter-output>
        </test-method> <!-- tearDown -->
      </class> <!-- tests.LoginTest -->
    </test> <!-- Default test -->
  </suite> <!-- Default suite -->
</testng-results>
