<?xml version="1.0" encoding="UTF-8"?>
<testng-results ignored="0" total="40" passed="35" failed="5" skipped="0">
  <reporter-output>
  </reporter-output>
  <suite started-at="2026-03-12T09:43:41 EET" name="CalculatorSuite" finished-at="2026-03-12T09:51:34 EET" duration-ms="473764">
    <groups>
    </groups>
    <test started-at="2026-03-12T09:43:41 EET" name="CalculatorTests" finished-at="2026-03-12T09:51:34 EET" duration-ms="473764">
      <class name="tests.DivisionTest">
        <test-method is-config="true" signature="setup()[pri:0, instance:tests.DivisionTest@4d1c005e]" started-at="2026-03-12T09:47:09 EET" name="setup" finished-at="2026-03-12T09:47:25 EET" duration-ms="16323" status="PASS">
          <reporter-output>
          </reporter-output>
        </test-method> <!-- setup -->
        <test-method is-config="true" signature="resetApp()[pri:0, instance:tests.DivisionTest@4d1c005e]" started-at="2026-03-12T09:47:25 EET" name="resetApp" finished-at="2026-03-12T09:47:30 EET" duration-ms="5150" status="PASS">
          <reporter-output>
          </reporter-output>
        </test-method> <!-- resetApp -->
        <test-method signature="divisionOfTwoPositiveIntegers()[pri:1, instance:tests.DivisionTest@4d1c005e]" started-at="2026-03-12T09:47:30 EET" name="divisionOfTwoPositiveIntegers" finished-at="2026-03-12T09:47:34 EET" duration-ms="3996" status="PASS">
          <reporter-output>
          </reporter-output>
        </test-method> <!-- divisionOfTwoPositiveIntegers -->
        <test-method is-config="true" signature="resetApp()[pri:0, instance:tests.DivisionTest@4d1c005e]" started-at="2026-03-12T09:47:34 EET" name="resetApp" finished-at="2026-03-12T09:47:39 EET" duration-ms="4764" status="PASS">
          <reporter-output>
          </reporter-output>
        </test-method> <!-- resetApp -->
        <test-method signature="divisionOfTwoNegativeIntegers()[pri:2, instance:tests.DivisionTest@4d1c005e]" started-at="2026-03-12T09:47:39 EET" name="divisionOfTwoNegativeIntegers" finished-at="2026-03-12T09:47:45 EET" duration-ms="6293" status="FAIL">
          <exception class="java.lang.AssertionError">
            <message>
              <![CDATA[expected [1] but found [-10]]]>
            </message>
            <full-stacktrace>
              <![CDATA[java.lang.AssertionError: expected [1] but found [-10]
at org.testng.Assert.fail(Assert.java:111)
at org.testng.Assert.failNotEquals(Assert.java:1590)
at org.testng.Assert.assertEqualsImpl(Assert.java:150)
at org.testng.Assert.assertEquals(Assert.java:132)
at org.testng.Assert.assertEquals(Assert.java:656)
at org.testng.Assert.assertEquals(Assert.java:666)
at tests.DivisionTest.divisionOfTwoNegativeIntegers(DivisionTest.java:91)
at java.base/jdk.internal.reflect.DirectMethodHandleAccessor.invoke(DirectMethodHandleAccessor.java:103)
at java.base/java.lang.reflect.Method.invoke(Method.java:580)
at org.testng.internal.invokers.MethodInvocationHelper.invokeMethod(MethodInvocationHelper.java:141)
at org.testng.internal.invokers.TestInvoker.invokeMethod(TestInvoker.java:687)
at org.testng.internal.invokers.TestInvoker.invokeTestMethod(TestInvoker.java:230)
at org.testng.internal.invokers.MethodRunner.runInSequence(MethodRunner.java:63)
at org.testng.internal.invokers.TestInvoker$MethodInvocationAgent.invoke(TestInvoker.java:995)
at org.testng.internal.invokers.TestInvoker.invokeTestMethods(TestInvoker.java:203)
at org.testng.internal.invokers.TestMethodWorker.invokeTestMethods(TestMethodWorker.java:154)
at org.testng.internal.invokers.TestMethodWorker.run(TestMethodWorker.java:134)
at java.base/java.util.ArrayList.forEach(ArrayList.java:1596)
at org.testng.TestRunner.privateRun(TestRunner.java:741)
at org.testng.TestRunner.run(TestRunner.java:616)
at org.testng.SuiteRunner.runTest(SuiteRunner.java:421)
at org.testng.SuiteRunner.runSequentially(SuiteRunner.java:413)
at org.testng.SuiteRunner.privateRun(SuiteRunner.java:373)
at org.testng.SuiteRunner.run(SuiteRunner.java:312)
at org.testng.SuiteRunnerWorker.runSuite(SuiteRunnerWorker.java:52)
at org.testng.SuiteRunnerWorker.run(SuiteRunnerWorker.java:95)
at org.testng.TestNG.runSuitesSequentially(TestNG.java:1274)
at org.testng.TestNG.runSuitesLocally(TestNG.java:1208)
at org.testng.TestNG.runSuites(TestNG.java:1112)
at org.testng.TestNG.run(TestNG.java:1079)
at org.testng.remote.AbstractRemoteTestNG.run(AbstractRemoteTestNG.java:115)
at org.testng.remote.RemoteTestNG.initAndRun(RemoteTestNG.java:293)
at org.testng.remote.RemoteTestNG.main(RemoteTestNG.java:91)
]]>
            </full-stacktrace>
          </exception> <!-- java.lang.AssertionError -->
          <reporter-output>
          </reporter-output>
        </test-method> <!-- divisionOfTwoNegativeIntegers -->
        <test-method is-config="true" signature="resetApp()[pri:0, instance:tests.DivisionTest@4d1c005e]" started-at="2026-03-12T09:47:45 EET" name="resetApp" finished-at="2026-03-12T09:47:50 EET" duration-ms="4801" status="PASS">
          <reporter-output>
          </reporter-output>
        </test-method> <!-- resetApp -->
        <test-method signature="divisionOfOneNegativeByOtherPositvieInteger()[pri:3, instance:tests.DivisionTest@4d1c005e]" started-at="2026-03-12T09:47:50 EET" name="divisionOfOneNegativeByOtherPositvieInteger" finished-at="2026-03-12T09:47:56 EET" duration-ms="5548" status="PASS">
          <reporter-output>
          </reporter-output>
        </test-method> <!-- divisionOfOneNegativeByOtherPositvieInteger -->
        <test-method is-config="true" signature="resetApp()[pri:0, instance:tests.DivisionTest@4d1c005e]" started-at="2026-03-12T09:47:56 EET" name="resetApp" finished-at="2026-03-12T09:48:00 EET" duration-ms="4452" status="PASS">
          <reporter-output>
          </reporter-output>
        </test-method> <!-- resetApp -->
        <test-method signature="divisionOfOnePositvieByOtherNegativeInteger()[pri:4, instance:tests.DivisionTest@4d1c005e]" started-at="2026-03-12T09:48:00 EET" name="divisionOfOnePositvieByOtherNegativeInteger" finished-at="2026-03-12T09:48:06 EET" duration-ms="5246" status="FAIL">
          <exception class="java.lang.AssertionError">
            <message>
              <![CDATA[expected [-1] but found [0]]]>
            </message>
            <full-stacktrace>
              <![CDATA[java.lang.AssertionError: expected [-1] but found [0]
at org.testng.Assert.fail(Assert.java:111)
at org.testng.Assert.failNotEquals(Assert.java:1590)
at org.testng.Assert.assertEqualsImpl(Assert.java:150)
at org.testng.Assert.assertEquals(Assert.java:132)
at org.testng.Assert.assertEquals(Assert.java:656)
at org.testng.Assert.assertEquals(Assert.java:666)
at tests.DivisionTest.divisionOfOnePositvieByOtherNegativeInteger(DivisionTest.java:118)
at java.base/jdk.internal.reflect.DirectMethodHandleAccessor.invoke(DirectMethodHandleAccessor.java:103)
at java.base/java.lang.reflect.Method.invoke(Method.java:580)
at org.testng.internal.invokers.MethodInvocationHelper.invokeMethod(MethodInvocationHelper.java:141)
at org.testng.internal.invokers.TestInvoker.invokeMethod(TestInvoker.java:687)
at org.testng.internal.invokers.TestInvoker.invokeTestMethod(TestInvoker.java:230)
at org.testng.internal.invokers.MethodRunner.runInSequence(MethodRunner.java:63)
at org.testng.internal.invokers.TestInvoker$MethodInvocationAgent.invoke(TestInvoker.java:995)
at org.testng.internal.invokers.TestInvoker.invokeTestMethods(TestInvoker.java:203)
at org.testng.internal.invokers.TestMethodWorker.invokeTestMethods(TestMethodWorker.java:154)
at org.testng.internal.invokers.TestMethodWorker.run(TestMethodWorker.java:134)
at java.base/java.util.ArrayList.forEach(ArrayList.java:1596)
at org.testng.TestRunner.privateRun(TestRunner.java:741)
at org.testng.TestRunner.run(TestRunner.java:616)
at org.testng.SuiteRunner.runTest(SuiteRunner.java:421)
at org.testng.SuiteRunner.runSequentially(SuiteRunner.java:413)
at org.testng.SuiteRunner.privateRun(SuiteRunner.java:373)
at org.testng.SuiteRunner.run(SuiteRunner.java:312)
at org.testng.SuiteRunnerWorker.runSuite(SuiteRunnerWorker.java:52)
at org.testng.SuiteRunnerWorker.run(SuiteRunnerWorker.java:95)
at org.testng.TestNG.runSuitesSequentially(TestNG.java:1274)
at org.testng.TestNG.runSuitesLocally(TestNG.java:1208)
at org.testng.TestNG.runSuites(TestNG.java:1112)
at org.testng.TestNG.run(TestNG.java:1079)
at org.testng.remote.AbstractRemoteTestNG.run(AbstractRemoteTestNG.java:115)
at org.testng.remote.RemoteTestNG.initAndRun(RemoteTestNG.java:293)
at org.testng.remote.RemoteTestNG.main(RemoteTestNG.java:91)
]]>
            </full-stacktrace>
          </exception> <!-- java.lang.AssertionError -->
          <reporter-output>
          </reporter-output>
        </test-method> <!-- divisionOfOnePositvieByOtherNegativeInteger -->
        <test-method is-config="true" signature="resetApp()[pri:0, instance:tests.DivisionTest@4d1c005e]" started-at="2026-03-12T09:48:06 EET" name="resetApp" finished-at="2026-03-12T09:48:10 EET" duration-ms="4439" status="PASS">
          <reporter-output>
          </reporter-output>
        </test-method> <!-- resetApp -->
        <test-method signature="divideZeroByPositiveNumber()[pri:5, instance:tests.DivisionTest@4d1c005e]" started-at="2026-03-12T09:48:10 EET" name="divideZeroByPositiveNumber" finished-at="2026-03-12T09:48:15 EET" duration-ms="5534" status="PASS">
          <reporter-output>
          </reporter-output>
        </test-method> <!-- divideZeroByPositiveNumber -->
        <test-method is-config="true" signature="resetApp()[pri:0, instance:tests.DivisionTest@4d1c005e]" started-at="2026-03-12T09:48:15 EET" name="resetApp" finished-at="2026-03-12T09:48:20 EET" duration-ms="4576" status="PASS">
          <reporter-output>
          </reporter-output>
        </test-method> <!-- resetApp -->
        <test-method signature="divideZeroByNegativeNumber()[pri:6, instance:tests.DivisionTest@4d1c005e]" started-at="2026-03-12T09:48:20 EET" name="divideZeroByNegativeNumber" finished-at="2026-03-12T09:48:26 EET" duration-ms="5479" status="FAIL">
          <exception class="java.lang.AssertionError">
            <message>
              <![CDATA[expected [0] but found [-5]]]>
            </message>
            <full-stacktrace>
              <![CDATA[java.lang.AssertionError: expected [0] but found [-5]
at org.testng.Assert.fail(Assert.java:111)
at org.testng.Assert.failNotEquals(Assert.java:1590)
at org.testng.Assert.assertEqualsImpl(Assert.java:150)
at org.testng.Assert.assertEquals(Assert.java:132)
at org.testng.Assert.assertEquals(Assert.java:656)
at org.testng.Assert.assertEquals(Assert.java:666)
at tests.DivisionTest.divideZeroByNegativeNumber(DivisionTest.java:146)
at java.base/jdk.internal.reflect.DirectMethodHandleAccessor.invoke(DirectMethodHandleAccessor.java:103)
at java.base/java.lang.reflect.Method.invoke(Method.java:580)
at org.testng.internal.invokers.MethodInvocationHelper.invokeMethod(MethodInvocationHelper.java:141)
at org.testng.internal.invokers.TestInvoker.invokeMethod(TestInvoker.java:687)
at org.testng.internal.invokers.TestInvoker.invokeTestMethod(TestInvoker.java:230)
at org.testng.internal.invokers.MethodRunner.runInSequence(MethodRunner.java:63)
at org.testng.internal.invokers.TestInvoker$MethodInvocationAgent.invoke(TestInvoker.java:995)
at org.testng.internal.invokers.TestInvoker.invokeTestMethods(TestInvoker.java:203)
at org.testng.internal.invokers.TestMethodWorker.invokeTestMethods(TestMethodWorker.java:154)
at org.testng.internal.invokers.TestMethodWorker.run(TestMethodWorker.java:134)
at java.base/java.util.ArrayList.forEach(ArrayList.java:1596)
at org.testng.TestRunner.privateRun(TestRunner.java:741)
at org.testng.TestRunner.run(TestRunner.java:616)
at org.testng.SuiteRunner.runTest(SuiteRunner.java:421)
at org.testng.SuiteRunner.runSequentially(SuiteRunner.java:413)
at org.testng.SuiteRunner.privateRun(SuiteRunner.java:373)
at org.testng.SuiteRunner.run(SuiteRunner.java:312)
at org.testng.SuiteRunnerWorker.runSuite(SuiteRunnerWorker.java:52)
at org.testng.SuiteRunnerWorker.run(SuiteRunnerWorker.java:95)
at org.testng.TestNG.runSuitesSequentially(TestNG.java:1274)
at org.testng.TestNG.runSuitesLocally(TestNG.java:1208)
at org.testng.TestNG.runSuites(TestNG.java:1112)
at org.testng.TestNG.run(TestNG.java:1079)
at org.testng.remote.AbstractRemoteTestNG.run(AbstractRemoteTestNG.java:115)
at org.testng.remote.RemoteTestNG.initAndRun(RemoteTestNG.java:293)
at org.testng.remote.RemoteTestNG.main(RemoteTestNG.java:91)
]]>
            </full-stacktrace>
          </exception> <!-- java.lang.AssertionError -->
          <reporter-output>
          </reporter-output>
        </test-method> <!-- divideZeroByNegativeNumber -->
        <test-method is-config="true" signature="resetApp()[pri:0, instance:tests.DivisionTest@4d1c005e]" started-at="2026-03-12T09:48:26 EET" name="resetApp" finished-at="2026-03-12T09:48:30 EET" duration-ms="4484" status="PASS">
          <reporter-output>
          </reporter-output>
        </test-method> <!-- resetApp -->
        <test-method signature="dividePositiveByZero()[pri:7, instance:tests.DivisionTest@4d1c005e]" started-at="2026-03-12T09:48:30 EET" name="dividePositiveByZero" finished-at="2026-03-12T09:48:36 EET" duration-ms="6070" status="PASS">
          <reporter-output>
          </reporter-output>
        </test-method> <!-- dividePositiveByZero -->
        <test-method is-config="true" signature="resetApp()[pri:0, instance:tests.DivisionTest@4d1c005e]" started-at="2026-03-12T09:48:36 EET" name="resetApp" finished-at="2026-03-12T09:48:40 EET" duration-ms="4347" status="PASS">
          <reporter-output>
          </reporter-output>
        </test-method> <!-- resetApp -->
        <test-method signature="divideNegativeByZero()[pri:8, instance:tests.DivisionTest@4d1c005e]" started-at="2026-03-12T09:48:40 EET" name="divideNegativeByZero" finished-at="2026-03-12T09:48:46 EET" duration-ms="5634" status="PASS">
          <reporter-output>
          </reporter-output>
        </test-method> <!-- divideNegativeByZero -->
        <test-method is-config="true" signature="resetApp()[pri:0, instance:tests.DivisionTest@4d1c005e]" started-at="2026-03-12T09:48:46 EET" name="resetApp" finished-at="2026-03-12T09:48:51 EET" duration-ms="4549" status="PASS">
          <reporter-output>
          </reporter-output>
        </test-method> <!-- resetApp -->
        <test-method signature="divideZeroByZero()[pri:9, instance:tests.DivisionTest@4d1c005e]" started-at="2026-03-12T09:48:51 EET" name="divideZeroByZero" finished-at="2026-03-12T09:48:55 EET" duration-ms="4709" status="PASS">
          <reporter-output>
          </reporter-output>
        </test-method> <!-- divideZeroByZero -->
        <test-method is-config="true" signature="resetApp()[pri:0, instance:tests.DivisionTest@4d1c005e]" started-at="2026-03-12T09:48:55 EET" name="resetApp" finished-at="2026-03-12T09:49:00 EET" duration-ms="4504" status="PASS">
          <reporter-output>
          </reporter-output>
        </test-method> <!-- resetApp -->
        <test-method signature="divideIntegerNumberByDecimalNumber()[pri:10, instance:tests.DivisionTest@4d1c005e]" started-at="2026-03-12T09:49:00 EET" name="divideIntegerNumberByDecimalNumber" finished-at="2026-03-12T09:49:07 EET" duration-ms="7131" status="PASS">
          <reporter-output>
          </reporter-output>
        </test-method> <!-- divideIntegerNumberByDecimalNumber -->
        <test-method is-config="true" signature="resetApp()[pri:0, instance:tests.DivisionTest@4d1c005e]" started-at="2026-03-12T09:49:07 EET" name="resetApp" finished-at="2026-03-12T09:49:12 EET" duration-ms="4731" status="PASS">
          <reporter-output>
          </reporter-output>
        </test-method> <!-- resetApp -->
        <test-method signature="divideDecimalNumberByIntegerNumber()[pri:11, instance:tests.DivisionTest@4d1c005e]" started-at="2026-03-12T09:49:12 EET" name="divideDecimalNumberByIntegerNumber" finished-at="2026-03-12T09:49:18 EET" duration-ms="6002" status="PASS">
          <reporter-output>
          </reporter-output>
        </test-method> <!-- divideDecimalNumberByIntegerNumber -->
        <test-method is-config="true" signature="resetApp()[pri:0, instance:tests.DivisionTest@4d1c005e]" started-at="2026-03-12T09:49:18 EET" name="resetApp" finished-at="2026-03-12T09:49:22 EET" duration-ms="4638" status="PASS">
          <reporter-output>
          </reporter-output>
        </test-method> <!-- resetApp -->
        <test-method signature="divideTwoDecimals()[pri:12, instance:tests.DivisionTest@4d1c005e]" started-at="2026-03-12T09:49:22 EET" name="divideTwoDecimals" finished-at="2026-03-12T09:49:30 EET" duration-ms="7598" status="PASS">
          <reporter-output>
          </reporter-output>
        </test-method> <!-- divideTwoDecimals -->
        <test-method is-config="true" signature="resetApp()[pri:0, instance:tests.DivisionTest@4d1c005e]" started-at="2026-03-12T09:49:30 EET" name="resetApp" finished-at="2026-03-12T09:49:34 EET" duration-ms="4508" status="PASS">
          <reporter-output>
          </reporter-output>
        </test-method> <!-- resetApp -->
        <test-method signature="divideDecimalByZero()[pri:13, instance:tests.DivisionTest@4d1c005e]" started-at="2026-03-12T09:49:34 EET" name="divideDecimalByZero" finished-at="2026-03-12T09:49:40 EET" duration-ms="5939" status="PASS">
          <reporter-output>
          </reporter-output>
        </test-method> <!-- divideDecimalByZero -->
        <test-method is-config="true" signature="resetApp()[pri:0, instance:tests.DivisionTest@4d1c005e]" started-at="2026-03-12T09:49:40 EET" name="resetApp" finished-at="2026-03-12T09:49:45 EET" duration-ms="4537" status="PASS">
          <reporter-output>
          </reporter-output>
        </test-method> <!-- resetApp -->
        <test-method signature="divideLargeNum()[pri:14, instance:tests.DivisionTest@4d1c005e]" started-at="2026-03-12T09:49:45 EET" name="divideLargeNum" finished-at="2026-03-12T09:49:56 EET" duration-ms="11196" status="PASS">
          <reporter-output>
          </reporter-output>
        </test-method> <!-- divideLargeNum -->
        <test-method is-config="true" signature="resetApp()[pri:0, instance:tests.DivisionTest@4d1c005e]" started-at="2026-03-12T09:49:56 EET" name="resetApp" finished-at="2026-03-12T09:50:01 EET" duration-ms="5005" status="PASS">
          <reporter-output>
          </reporter-output>
        </test-method> <!-- resetApp -->
        <test-method signature="divideSmallDecimal()[pri:15, instance:tests.DivisionTest@4d1c005e]" started-at="2026-03-12T09:50:01 EET" name="divideSmallDecimal" finished-at="2026-03-12T09:50:13 EET" duration-ms="11776" status="PASS">
          <reporter-output>
          </reporter-output>
        </test-method> <!-- divideSmallDecimal -->
        <test-method is-config="true" signature="resetApp()[pri:0, instance:tests.DivisionTest@4d1c005e]" started-at="2026-03-12T09:50:13 EET" name="resetApp" finished-at="2026-03-12T09:50:18 EET" duration-ms="4734" status="PASS">
          <reporter-output>
          </reporter-output>
        </test-method> <!-- resetApp -->
        <test-method signature="opFirst()[pri:16, instance:tests.DivisionTest@4d1c005e]" started-at="2026-03-12T09:50:18 EET" name="opFirst" finished-at="2026-03-12T09:50:32 EET" duration-ms="14628" status="FAIL">
          <exception class="org.openqa.selenium.TimeoutException">
            <message>
              <![CDATA[Expected condition failed: waiting for presence of element found by By.xpath: //android.widget.Toast
(tried for 10 seconds with 500 milliseconds interval)
Build info: version: '4.41.0', revision: '9fc754f'
System info: os.name: 'Windows 11', os.arch: 'amd64', os.version: '10.0', java.version: '21.0.3'
Driver info: io.appium.java_client.android.AndroidDriver
Capabilities {appium:app: C:\Users\maria\Downloads\si..., appium:appActivity: .activities.SplashActivity...., appium:appPackage: com.simplemobiletools.calcu..., appium:automationName: UiAutomator2, appium:databaseEnabled: false, appium:desired: {app: C:\Users\maria\Downloads\si..., appActivity: .activities.SplashActivity...., appPackage: com.simplemobiletools.calcu..., automationName: UiAutomator2, deviceName: emulator-5556, platformName: ANDROID, platformVersion: 15}, appium:deviceApiLevel: 35, appium:deviceManufacturer: Google, appium:deviceModel: sdk_gphone64_x86_64, appium:deviceName: emulator-5554, appium:deviceScreenDensity: 440, appium:deviceScreenSize: 1080x2280, appium:deviceUDID: emulator-5554, appium:javascriptEnabled: true, appium:locationContextEnabled: false, appium:networkConnectionEnabled: true, appium:pixelRatio: 2.75, appium:platformVersion: 15, appium:statBarHeight: 83, appium:takesScreenshot: true, appium:viewportRect: {height: 2197, left: 0, top: 83, width: 1080}, appium:warnings: {}, appium:webStorageEnabled: false, platformName: ANDROID}
Session ID: 556602a0-8ee5-4f33-b97c-41414f1e36a7]]>
            </message>
            <full-stacktrace>
              <![CDATA[org.openqa.selenium.TimeoutException: Expected condition failed: waiting for presence of element found by By.xpath: //android.widget.Toast
(tried for 10 seconds with 500 milliseconds interval)
Build info: version: '4.41.0', revision: '9fc754f'
System info: os.name: 'Windows 11', os.arch: 'amd64', os.version: '10.0', java.version: '21.0.3'
Driver info: io.appium.java_client.android.AndroidDriver
Capabilities {appium:app: C:\Users\maria\Downloads\si..., appium:appActivity: .activities.SplashActivity...., appium:appPackage: com.simplemobiletools.calcu..., appium:automationName: UiAutomator2, appium:databaseEnabled: false, appium:desired: {app: C:\Users\maria\Downloads\si..., appActivity: .activities.SplashActivity...., appPackage: com.simplemobiletools.calcu..., automationName: UiAutomator2, deviceName: emulator-5556, platformName: ANDROID, platformVersion: 15}, appium:deviceApiLevel: 35, appium:deviceManufacturer: Google, appium:deviceModel: sdk_gphone64_x86_64, appium:deviceName: emulator-5554, appium:deviceScreenDensity: 440, appium:deviceScreenSize: 1080x2280, appium:deviceUDID: emulator-5554, appium:javascriptEnabled: true, appium:locationContextEnabled: false, appium:networkConnectionEnabled: true, appium:pixelRatio: 2.75, appium:platformVersion: 15, appium:statBarHeight: 83, appium:takesScreenshot: true, appium:viewportRect: {height: 2197, left: 0, top: 83, width: 1080}, appium:warnings: {}, appium:webStorageEnabled: false, platformName: ANDROID}
Session ID: 556602a0-8ee5-4f33-b97c-41414f1e36a7
at org.openqa.selenium.support.ui.WebDriverWait.timeoutException(WebDriverWait.java:85)
at org.openqa.selenium.support.ui.FluentWait.until(FluentWait.java:233)
at tests.DivisionTest.opFirst(DivisionTest.java:342)
at java.base/jdk.internal.reflect.DirectMethodHandleAccessor.invoke(DirectMethodHandleAccessor.java:103)
at java.base/java.lang.reflect.Method.invoke(Method.java:580)
at org.testng.internal.invokers.MethodInvocationHelper.invokeMethod(MethodInvocationHelper.java:141)
at org.testng.internal.invokers.TestInvoker.invokeMethod(TestInvoker.java:687)
at org.testng.internal.invokers.TestInvoker.invokeTestMethod(TestInvoker.java:230)
at org.testng.internal.invokers.MethodRunner.runInSequence(MethodRunner.java:63)
at org.testng.internal.invokers.TestInvoker$MethodInvocationAgent.invoke(TestInvoker.java:995)
at org.testng.internal.invokers.TestInvoker.invokeTestMethods(TestInvoker.java:203)
at org.testng.internal.invokers.TestMethodWorker.invokeTestMethods(TestMethodWorker.java:154)
at org.testng.internal.invokers.TestMethodWorker.run(TestMethodWorker.java:134)
at java.base/java.util.ArrayList.forEach(ArrayList.java:1596)
at org.testng.TestRunner.privateRun(TestRunner.java:741)
at org.testng.TestRunner.run(TestRunner.java:616)
at org.testng.SuiteRunner.runTest(SuiteRunner.java:421)
at org.testng.SuiteRunner.runSequentially(SuiteRunner.java:413)
at org.testng.SuiteRunner.privateRun(SuiteRunner.java:373)
at org.testng.SuiteRunner.run(SuiteRunner.java:312)
at org.testng.SuiteRunnerWorker.runSuite(SuiteRunnerWorker.java:52)
at org.testng.SuiteRunnerWorker.run(SuiteRunnerWorker.java:95)
at org.testng.TestNG.runSuitesSequentially(TestNG.java:1274)
at org.testng.TestNG.runSuitesLocally(TestNG.java:1208)
at org.testng.TestNG.runSuites(TestNG.java:1112)
at org.testng.TestNG.run(TestNG.java:1079)
at org.testng.remote.AbstractRemoteTestNG.run(AbstractRemoteTestNG.java:115)
at org.testng.remote.RemoteTestNG.initAndRun(RemoteTestNG.java:293)
at org.testng.remote.RemoteTestNG.main(RemoteTestNG.java:91)
]]>
            </full-stacktrace>
          </exception> <!-- org.openqa.selenium.TimeoutException -->
          <reporter-output>
          </reporter-output>
        </test-method> <!-- opFirst -->
        <test-method is-config="true" signature="resetApp()[pri:0, instance:tests.DivisionTest@4d1c005e]" started-at="2026-03-12T09:50:32 EET" name="resetApp" finished-at="2026-03-12T09:50:37 EET" duration-ms="4603" status="PASS">
          <reporter-output>
          </reporter-output>
        </test-method> <!-- resetApp -->
        <test-method signature="multipleOp()[pri:17, instance:tests.DivisionTest@4d1c005e]" started-at="2026-03-12T09:50:37 EET" name="multipleOp" finished-at="2026-03-12T09:50:44 EET" duration-ms="6680" status="PASS">
          <reporter-output>
          </reporter-output>
        </test-method> <!-- multipleOp -->
        <test-method is-config="true" signature="resetApp()[pri:0, instance:tests.DivisionTest@4d1c005e]" started-at="2026-03-12T09:50:44 EET" name="resetApp" finished-at="2026-03-12T09:50:48 EET" duration-ms="4800" status="PASS">
          <reporter-output>
          </reporter-output>
        </test-method> <!-- resetApp -->
        <test-method signature="opOnly()[pri:18, instance:tests.DivisionTest@4d1c005e]" started-at="2026-03-12T09:50:48 EET" name="opOnly" finished-at="2026-03-12T09:51:03 EET" duration-ms="14352" status="FAIL">
          <exception class="org.openqa.selenium.TimeoutException">
            <message>
              <![CDATA[Expected condition failed: waiting for presence of element found by By.xpath: //android.widget.Toast
(tried for 10 seconds with 500 milliseconds interval)
Build info: version: '4.41.0', revision: '9fc754f'
System info: os.name: 'Windows 11', os.arch: 'amd64', os.version: '10.0', java.version: '21.0.3'
Driver info: io.appium.java_client.android.AndroidDriver
Capabilities {appium:app: C:\Users\maria\Downloads\si..., appium:appActivity: .activities.SplashActivity...., appium:appPackage: com.simplemobiletools.calcu..., appium:automationName: UiAutomator2, appium:databaseEnabled: false, appium:desired: {app: C:\Users\maria\Downloads\si..., appActivity: .activities.SplashActivity...., appPackage: com.simplemobiletools.calcu..., automationName: UiAutomator2, deviceName: emulator-5556, platformName: ANDROID, platformVersion: 15}, appium:deviceApiLevel: 35, appium:deviceManufacturer: Google, appium:deviceModel: sdk_gphone64_x86_64, appium:deviceName: emulator-5554, appium:deviceScreenDensity: 440, appium:deviceScreenSize: 1080x2280, appium:deviceUDID: emulator-5554, appium:javascriptEnabled: true, appium:locationContextEnabled: false, appium:networkConnectionEnabled: true, appium:pixelRatio: 2.75, appium:platformVersion: 15, appium:statBarHeight: 83, appium:takesScreenshot: true, appium:viewportRect: {height: 2197, left: 0, top: 83, width: 1080}, appium:warnings: {}, appium:webStorageEnabled: false, platformName: ANDROID}
Session ID: 556602a0-8ee5-4f33-b97c-41414f1e36a7]]>
            </message>
            <full-stacktrace>
              <![CDATA[org.openqa.selenium.TimeoutException: Expected condition failed: waiting for presence of element found by By.xpath: //android.widget.Toast
(tried for 10 seconds with 500 milliseconds interval)
Build info: version: '4.41.0', revision: '9fc754f'
System info: os.name: 'Windows 11', os.arch: 'amd64', os.version: '10.0', java.version: '21.0.3'
Driver info: io.appium.java_client.android.AndroidDriver
Capabilities {appium:app: C:\Users\maria\Downloads\si..., appium:appActivity: .activities.SplashActivity...., appium:appPackage: com.simplemobiletools.calcu..., appium:automationName: UiAutomator2, appium:databaseEnabled: false, appium:desired: {app: C:\Users\maria\Downloads\si..., appActivity: .activities.SplashActivity...., appPackage: com.simplemobiletools.calcu..., automationName: UiAutomator2, deviceName: emulator-5556, platformName: ANDROID, platformVersion: 15}, appium:deviceApiLevel: 35, appium:deviceManufacturer: Google, appium:deviceModel: sdk_gphone64_x86_64, appium:deviceName: emulator-5554, appium:deviceScreenDensity: 440, appium:deviceScreenSize: 1080x2280, appium:deviceUDID: emulator-5554, appium:javascriptEnabled: true, appium:locationContextEnabled: false, appium:networkConnectionEnabled: true, appium:pixelRatio: 2.75, appium:platformVersion: 15, appium:statBarHeight: 83, appium:takesScreenshot: true, appium:viewportRect: {height: 2197, left: 0, top: 83, width: 1080}, appium:warnings: {}, appium:webStorageEnabled: false, platformName: ANDROID}
Session ID: 556602a0-8ee5-4f33-b97c-41414f1e36a7
at org.openqa.selenium.support.ui.WebDriverWait.timeoutException(WebDriverWait.java:85)
at org.openqa.selenium.support.ui.FluentWait.until(FluentWait.java:233)
at tests.DivisionTest.opOnly(DivisionTest.java:378)
at java.base/jdk.internal.reflect.DirectMethodHandleAccessor.invoke(DirectMethodHandleAccessor.java:103)
at java.base/java.lang.reflect.Method.invoke(Method.java:580)
at org.testng.internal.invokers.MethodInvocationHelper.invokeMethod(MethodInvocationHelper.java:141)
at org.testng.internal.invokers.TestInvoker.invokeMethod(TestInvoker.java:687)
at org.testng.internal.invokers.TestInvoker.invokeTestMethod(TestInvoker.java:230)
at org.testng.internal.invokers.MethodRunner.runInSequence(MethodRunner.java:63)
at org.testng.internal.invokers.TestInvoker$MethodInvocationAgent.invoke(TestInvoker.java:995)
at org.testng.internal.invokers.TestInvoker.invokeTestMethods(TestInvoker.java:203)
at org.testng.internal.invokers.TestMethodWorker.invokeTestMethods(TestMethodWorker.java:154)
at org.testng.internal.invokers.TestMethodWorker.run(TestMethodWorker.java:134)
at java.base/java.util.ArrayList.forEach(ArrayList.java:1596)
at org.testng.TestRunner.privateRun(TestRunner.java:741)
at org.testng.TestRunner.run(TestRunner.java:616)
at org.testng.SuiteRunner.runTest(SuiteRunner.java:421)
at org.testng.SuiteRunner.runSequentially(SuiteRunner.java:413)
at org.testng.SuiteRunner.privateRun(SuiteRunner.java:373)
at org.testng.SuiteRunner.run(SuiteRunner.java:312)
at org.testng.SuiteRunnerWorker.runSuite(SuiteRunnerWorker.java:52)
at org.testng.SuiteRunnerWorker.run(SuiteRunnerWorker.java:95)
at org.testng.TestNG.runSuitesSequentially(TestNG.java:1274)
at org.testng.TestNG.runSuitesLocally(TestNG.java:1208)
at org.testng.TestNG.runSuites(TestNG.java:1112)
at org.testng.TestNG.run(TestNG.java:1079)
at org.testng.remote.AbstractRemoteTestNG.run(AbstractRemoteTestNG.java:115)
at org.testng.remote.RemoteTestNG.initAndRun(RemoteTestNG.java:293)
at org.testng.remote.RemoteTestNG.main(RemoteTestNG.java:91)
]]>
            </full-stacktrace>
          </exception> <!-- org.openqa.selenium.TimeoutException -->
          <reporter-output>
          </reporter-output>
        </test-method> <!-- opOnly -->
        <test-method is-config="true" signature="resetApp()[pri:0, instance:tests.DivisionTest@4d1c005e]" started-at="2026-03-12T09:51:03 EET" name="resetApp" finished-at="2026-03-12T09:51:07 EET" duration-ms="4568" status="PASS">
          <reporter-output>
          </reporter-output>
        </test-method> <!-- resetApp -->
        <test-method signature="resultWmanyDecimals()[pri:19, instance:tests.DivisionTest@4d1c005e]" started-at="2026-03-12T09:51:07 EET" name="resultWmanyDecimals" finished-at="2026-03-12T09:51:13 EET" duration-ms="5470" status="PASS">
          <reporter-output>
          </reporter-output>
        </test-method> <!-- resultWmanyDecimals -->
        <test-method is-config="true" signature="resetApp()[pri:0, instance:tests.DivisionTest@4d1c005e]" started-at="2026-03-12T09:51:13 EET" name="resetApp" finished-at="2026-03-12T09:51:18 EET" duration-ms="4854" status="PASS">
          <reporter-output>
          </reporter-output>
        </test-method> <!-- resetApp -->
        <test-method signature="floatingPrecision()[pri:20, instance:tests.DivisionTest@4d1c005e]" started-at="2026-03-12T09:51:18 EET" name="floatingPrecision" finished-at="2026-03-12T09:51:22 EET" duration-ms="4466" status="PASS">
          <reporter-output>
          </reporter-output>
        </test-method> <!-- floatingPrecision -->
        <test-method is-config="true" signature="resetApp()[pri:0, instance:tests.DivisionTest@4d1c005e]" started-at="2026-03-12T09:51:22 EET" name="resetApp" finished-at="2026-03-12T09:51:27 EET" duration-ms="4546" status="PASS">
          <reporter-output>
          </reporter-output>
        </test-method> <!-- resetApp -->
        <test-method signature="dividingMultipleDivisions()[pri:21, instance:tests.DivisionTest@4d1c005e]" started-at="2026-03-12T09:51:27 EET" name="dividingMultipleDivisions" finished-at="2026-03-12T09:51:33 EET" duration-ms="6502" status="PASS">
          <reporter-output>
          </reporter-output>
        </test-method> <!-- dividingMultipleDivisions -->
        <test-method is-config="true" signature="tearDown()[pri:0, instance:tests.DivisionTest@4d1c005e]" started-at="2026-03-12T09:51:33 EET" name="tearDown" finished-at="2026-03-12T09:51:34 EET" duration-ms="1278" status="PASS">
          <reporter-output>
          </reporter-output>
        </test-method> <!-- tearDown -->
      </class> <!-- tests.DivisionTest -->
      <class name="tests.AdditionTest">
        <test-method is-config="true" signature="setup()[pri:0, instance:tests.AdditionTest@183ec003]" started-at="2026-03-12T09:43:41 EET" name="setup" finished-at="2026-03-12T09:43:54 EET" duration-ms="13386" status="PASS">
          <reporter-output>
          </reporter-output>
        </test-method> <!-- setup -->
        <test-method is-config="true" signature="resetApp()[pri:0, instance:tests.AdditionTest@183ec003]" started-at="2026-03-12T09:43:54 EET" name="resetApp" finished-at="2026-03-12T09:43:58 EET" duration-ms="3951" status="PASS">
          <reporter-output>
          </reporter-output>
        </test-method> <!-- resetApp -->
        <test-method signature="addTwoNegativeIntegers()[pri:0, instance:tests.AdditionTest@183ec003]" started-at="2026-03-12T09:43:58 EET" name="addTwoNegativeIntegers" finished-at="2026-03-12T09:44:03 EET" duration-ms="4341" status="PASS">
          <reporter-output>
          </reporter-output>
        </test-method> <!-- addTwoNegativeIntegers -->
        <test-method is-config="true" signature="resetApp()[pri:0, instance:tests.AdditionTest@183ec003]" started-at="2026-03-12T09:44:03 EET" name="resetApp" finished-at="2026-03-12T09:44:07 EET" duration-ms="4852" status="PASS">
          <reporter-output>
          </reporter-output>
        </test-method> <!-- resetApp -->
        <test-method signature="addTwoPositiveIntegers()[pri:0, instance:tests.AdditionTest@183ec003]" started-at="2026-03-12T09:44:07 EET" name="addTwoPositiveIntegers" finished-at="2026-03-12T09:44:11 EET" duration-ms="3547" status="PASS">
          <reporter-output>
          </reporter-output>
        </test-method> <!-- addTwoPositiveIntegers -->
        <test-method is-config="true" signature="resetApp()[pri:0, instance:tests.AdditionTest@183ec003]" started-at="2026-03-12T09:44:11 EET" name="resetApp" finished-at="2026-03-12T09:44:17 EET" duration-ms="5966" status="PASS">
          <reporter-output>
          </reporter-output>
        </test-method> <!-- resetApp -->
        <test-method signature="decimalPlusZero()[pri:0, instance:tests.AdditionTest@183ec003]" started-at="2026-03-12T09:44:17 EET" name="decimalPlusZero" finished-at="2026-03-12T09:44:24 EET" duration-ms="7386" status="PASS">
          <reporter-output>
          </reporter-output>
        </test-method> <!-- decimalPlusZero -->
        <test-method is-config="true" signature="resetApp()[pri:0, instance:tests.AdditionTest@183ec003]" started-at="2026-03-12T09:44:24 EET" name="resetApp" finished-at="2026-03-12T09:44:29 EET" duration-ms="5217" status="PASS">
          <reporter-output>
          </reporter-output>
        </test-method> <!-- resetApp -->
        <test-method signature="floatPlusInteger()[pri:0, instance:tests.AdditionTest@183ec003]" started-at="2026-03-12T09:44:29 EET" name="floatPlusInteger" finished-at="2026-03-12T09:44:36 EET" duration-ms="6447" status="PASS">
          <reporter-output>
          </reporter-output>
        </test-method> <!-- floatPlusInteger -->
        <test-method is-config="true" signature="resetApp()[pri:0, instance:tests.AdditionTest@183ec003]" started-at="2026-03-12T09:44:36 EET" name="resetApp" finished-at="2026-03-12T09:44:41 EET" duration-ms="4609" status="PASS">
          <reporter-output>
          </reporter-output>
        </test-method> <!-- resetApp -->
        <test-method signature="integerPlusFloat()[pri:0, instance:tests.AdditionTest@183ec003]" started-at="2026-03-12T09:44:41 EET" name="integerPlusFloat" finished-at="2026-03-12T09:44:46 EET" duration-ms="5012" status="PASS">
          <reporter-output>
          </reporter-output>
        </test-method> <!-- integerPlusFloat -->
        <test-method is-config="true" signature="resetApp()[pri:0, instance:tests.AdditionTest@183ec003]" started-at="2026-03-12T09:44:46 EET" name="resetApp" finished-at="2026-03-12T09:44:50 EET" duration-ms="4503" status="PASS">
          <reporter-output>
          </reporter-output>
        </test-method> <!-- resetApp -->
        <test-method signature="largeNumberAddition()[pri:0, instance:tests.AdditionTest@183ec003]" started-at="2026-03-12T09:44:50 EET" name="largeNumberAddition" finished-at="2026-03-12T09:45:00 EET" duration-ms="10085" status="PASS">
          <reporter-output>
          </reporter-output>
        </test-method> <!-- largeNumberAddition -->
        <test-method is-config="true" signature="resetApp()[pri:0, instance:tests.AdditionTest@183ec003]" started-at="2026-03-12T09:45:00 EET" name="resetApp" finished-at="2026-03-12T09:45:05 EET" duration-ms="4446" status="PASS">
          <reporter-output>
          </reporter-output>
        </test-method> <!-- resetApp -->
        <test-method signature="multipleAdditionOperations()[pri:0, instance:tests.AdditionTest@183ec003]" started-at="2026-03-12T09:45:05 EET" name="multipleAdditionOperations" finished-at="2026-03-12T09:45:10 EET" duration-ms="5319" status="PASS">
          <reporter-output>
          </reporter-output>
        </test-method> <!-- multipleAdditionOperations -->
        <test-method is-config="true" signature="resetApp()[pri:0, instance:tests.AdditionTest@183ec003]" started-at="2026-03-12T09:45:10 EET" name="resetApp" finished-at="2026-03-12T09:45:15 EET" duration-ms="4923" status="PASS">
          <reporter-output>
          </reporter-output>
        </test-method> <!-- resetApp -->
        <test-method signature="multipleOperators()[pri:0, instance:tests.AdditionTest@183ec003]" started-at="2026-03-12T09:45:15 EET" name="multipleOperators" finished-at="2026-03-12T09:45:23 EET" duration-ms="7800" status="PASS">
          <reporter-output>
          </reporter-output>
        </test-method> <!-- multipleOperators -->
        <test-method is-config="true" signature="resetApp()[pri:0, instance:tests.AdditionTest@183ec003]" started-at="2026-03-12T09:45:23 EET" name="resetApp" finished-at="2026-03-12T09:45:27 EET" duration-ms="4407" status="PASS">
          <reporter-output>
          </reporter-output>
        </test-method> <!-- resetApp -->
        <test-method signature="negativePlusPositive()[pri:0, instance:tests.AdditionTest@183ec003]" started-at="2026-03-12T09:45:27 EET" name="negativePlusPositive" finished-at="2026-03-12T09:45:32 EET" duration-ms="5327" status="PASS">
          <reporter-output>
          </reporter-output>
        </test-method> <!-- negativePlusPositive -->
        <test-method is-config="true" signature="resetApp()[pri:0, instance:tests.AdditionTest@183ec003]" started-at="2026-03-12T09:45:32 EET" name="resetApp" finished-at="2026-03-12T09:45:37 EET" duration-ms="4847" status="PASS">
          <reporter-output>
          </reporter-output>
        </test-method> <!-- resetApp -->
        <test-method signature="negativePlusZero()[pri:0, instance:tests.AdditionTest@183ec003]" started-at="2026-03-12T09:45:37 EET" name="negativePlusZero" finished-at="2026-03-12T09:45:43 EET" duration-ms="6087" status="PASS">
          <reporter-output>
          </reporter-output>
        </test-method> <!-- negativePlusZero -->
        <test-method is-config="true" signature="resetApp()[pri:0, instance:tests.AdditionTest@183ec003]" started-at="2026-03-12T09:45:43 EET" name="resetApp" finished-at="2026-03-12T09:45:48 EET" duration-ms="4742" status="PASS">
          <reporter-output>
          </reporter-output>
        </test-method> <!-- resetApp -->
        <test-method signature="operatorFirst()[pri:0, instance:tests.AdditionTest@183ec003]" started-at="2026-03-12T09:45:48 EET" name="operatorFirst" finished-at="2026-03-12T09:45:51 EET" duration-ms="3343" status="PASS">
          <reporter-output>
          </reporter-output>
        </test-method> <!-- operatorFirst -->
        <test-method is-config="true" signature="resetApp()[pri:0, instance:tests.AdditionTest@183ec003]" started-at="2026-03-12T09:45:51 EET" name="resetApp" finished-at="2026-03-12T09:45:56 EET" duration-ms="4547" status="PASS">
          <reporter-output>
          </reporter-output>
        </test-method> <!-- resetApp -->
        <test-method signature="operatorWithEmptyInput()[pri:0, instance:tests.AdditionTest@183ec003]" started-at="2026-03-12T09:45:56 EET" name="operatorWithEmptyInput" finished-at="2026-03-12T09:45:58 EET" duration-ms="2131" status="PASS">
          <reporter-output>
          </reporter-output>
        </test-method> <!-- operatorWithEmptyInput -->
        <test-method is-config="true" signature="resetApp()[pri:0, instance:tests.AdditionTest@183ec003]" started-at="2026-03-12T09:45:58 EET" name="resetApp" finished-at="2026-03-12T09:46:04 EET" duration-ms="6135" status="PASS">
          <reporter-output>
          </reporter-output>
        </test-method> <!-- resetApp -->
        <test-method signature="positivePlusNegative()[pri:0, instance:tests.AdditionTest@183ec003]" started-at="2026-03-12T09:46:04 EET" name="positivePlusNegative" finished-at="2026-03-12T09:46:09 EET" duration-ms="4568" status="PASS">
          <reporter-output>
          </reporter-output>
        </test-method> <!-- positivePlusNegative -->
        <test-method is-config="true" signature="resetApp()[pri:0, instance:tests.AdditionTest@183ec003]" started-at="2026-03-12T09:46:09 EET" name="resetApp" finished-at="2026-03-12T09:46:13 EET" duration-ms="4518" status="PASS">
          <reporter-output>
          </reporter-output>
        </test-method> <!-- resetApp -->
        <test-method signature="positivePlusZero()[pri:0, instance:tests.AdditionTest@183ec003]" started-at="2026-03-12T09:46:13 EET" name="positivePlusZero" finished-at="2026-03-12T09:46:17 EET" duration-ms="3646" status="PASS">
          <reporter-output>
          </reporter-output>
        </test-method> <!-- positivePlusZero -->
        <test-method is-config="true" signature="resetApp()[pri:0, instance:tests.AdditionTest@183ec003]" started-at="2026-03-12T09:46:17 EET" name="resetApp" finished-at="2026-03-12T09:46:23 EET" duration-ms="5586" status="PASS">
          <reporter-output>
          </reporter-output>
        </test-method> <!-- resetApp -->
        <test-method signature="smallDecimalAddition()[pri:0, instance:tests.AdditionTest@183ec003]" started-at="2026-03-12T09:46:23 EET" name="smallDecimalAddition" finished-at="2026-03-12T09:46:31 EET" duration-ms="8282" status="PASS">
          <reporter-output>
          </reporter-output>
        </test-method> <!-- smallDecimalAddition -->
        <test-method is-config="true" signature="resetApp()[pri:0, instance:tests.AdditionTest@183ec003]" started-at="2026-03-12T09:46:31 EET" name="resetApp" finished-at="2026-03-12T09:46:36 EET" duration-ms="4631" status="PASS">
          <reporter-output>
          </reporter-output>
        </test-method> <!-- resetApp -->
        <test-method signature="twoDecimalNumbers()[pri:0, instance:tests.AdditionTest@183ec003]" started-at="2026-03-12T09:46:36 EET" name="twoDecimalNumbers" finished-at="2026-03-12T09:46:43 EET" duration-ms="7851" status="PASS">
          <reporter-output>
          </reporter-output>
        </test-method> <!-- twoDecimalNumbers -->
        <test-method is-config="true" signature="resetApp()[pri:0, instance:tests.AdditionTest@183ec003]" started-at="2026-03-12T09:46:43 EET" name="resetApp" finished-at="2026-03-12T09:46:48 EET" duration-ms="4778" status="PASS">
          <reporter-output>
          </reporter-output>
        </test-method> <!-- resetApp -->
        <test-method signature="zeroPlusNegative()[pri:0, instance:tests.AdditionTest@183ec003]" started-at="2026-03-12T09:46:48 EET" name="zeroPlusNegative" finished-at="2026-03-12T09:46:52 EET" duration-ms="3887" status="PASS">
          <reporter-output>
          </reporter-output>
        </test-method> <!-- zeroPlusNegative -->
        <test-method is-config="true" signature="resetApp()[pri:0, instance:tests.AdditionTest@183ec003]" started-at="2026-03-12T09:46:52 EET" name="resetApp" finished-at="2026-03-12T09:46:57 EET" duration-ms="4534" status="PASS">
          <reporter-output>
          </reporter-output>
        </test-method> <!-- resetApp -->
        <test-method signature="zeroPlusPositive()[pri:0, instance:tests.AdditionTest@183ec003]" started-at="2026-03-12T09:46:57 EET" name="zeroPlusPositive" finished-at="2026-03-12T09:47:00 EET" duration-ms="3213" status="PASS">
          <reporter-output>
          </reporter-output>
        </test-method> <!-- zeroPlusPositive -->
        <test-method is-config="true" signature="resetApp()[pri:0, instance:tests.AdditionTest@183ec003]" started-at="2026-03-12T09:47:00 EET" name="resetApp" finished-at="2026-03-12T09:47:05 EET" duration-ms="4775" status="PASS">
          <reporter-output>
          </reporter-output>
        </test-method> <!-- resetApp -->
        <test-method signature="zeroPlusZero()[pri:0, instance:tests.AdditionTest@183ec003]" started-at="2026-03-12T09:47:05 EET" name="zeroPlusZero" finished-at="2026-03-12T09:47:08 EET" duration-ms="3220" status="PASS">
          <reporter-output>
          </reporter-output>
        </test-method> <!-- zeroPlusZero -->
        <test-method is-config="true" signature="tearDown()[pri:0, instance:tests.AdditionTest@183ec003]" started-at="2026-03-12T09:47:08 EET" name="tearDown" finished-at="2026-03-12T09:47:09 EET" duration-ms="1114" status="PASS">
          <reporter-output>
          </reporter-output>
        </test-method> <!-- tearDown -->
      </class> <!-- tests.AdditionTest -->
    </test> <!-- CalculatorTests -->
  </suite> <!-- CalculatorSuite -->
</testng-results>
